<?xml version="1.0" encoding="UTF-8"?>
<testng-results ignored="0" total="1" passed="1" failed="0" skipped="0">
  <reporter-output>
  </reporter-output>
  <suite started-at="2021-09-28T10:46:16Z" name="Default suite" finished-at="2021-09-28T10:46:32Z" duration-ms="15802">
    <groups>
    </groups>
    <test started-at="2021-09-28T10:46:16Z" name="Default test" finished-at="2021-09-28T10:46:32Z" duration-ms="15802">
      <class name="com.demopkg.TestCase002">
        <test-method signature="m1()[pri:0, instance:com.demopkg.TestCase002@1838ccb8]" started-at="2021-09-28T10:46:16Z" name="m1" finished-at="2021-09-28T10:46:32Z" duration-ms="15724" status="PASS">
          <reporter-output>
          </reporter-output>
        </test-method> <!-- m1 -->
      </class> <!-- com.demopkg.TestCase002 -->
    </test> <!-- Default test -->
  </suite> <!-- Default suite -->
</testng-results>
